<?xml version="1.0" encoding="UTF-8"?>
<!-- Generated by org.testng.reporters.JUnitReportReporter -->
<testsuite skipped="0" hostname="DESKTOP-4TRSSIH" name="com.qa.hubspot.tests.LoginPageTest" tests="4" failures="0" timestamp="2019-12-04T14:32:02 PST" time="64.715" errors="0">
  <testcase name="verifyLoginPageTitleTest" time="11.932" classname="com.qa.hubspot.tests.LoginPageTest"/>
  <testcase name="verifySignUpLinkTest" time="11.958" classname="com.qa.hubspot.tests.LoginPageTest"/>
  <testcase name="loginTestWithCorrectCredentialsTest" time="20.738" classname="com.qa.hubspot.tests.LoginPageTest"/>
  <testcase name="loginTestWithInCorrectCredentialsTest" time="20.087" classname="com.qa.hubspot.tests.LoginPageTest"/>
</testsuite> <!-- com.qa.hubspot.tests.LoginPageTest -->
